0 info it worked if it ends with ok
1 verbose cli [ '/usr/bin/nodejs', '/usr/bin/npm', 'restar', 'run.sh' ]
2 info using npm@2.14.12
3 info using node@v4.3.1
4 verbose run-script [ 'prerestart',
4 verbose run-script   'prestop',
4 verbose run-script   'stop',
4 verbose run-script   'poststop',
4 verbose run-script   'restart',
4 verbose run-script   'prestart',
4 verbose run-script   'start',
4 verbose run-script   'poststart',
4 verbose run-script   'postrestart' ]
5 info prerestart ghost@0.7.8
6 info prestop ghost@0.7.8
7 info stop ghost@0.7.8
8 info poststop ghost@0.7.8
9 info restart ghost@0.7.8
10 info prestart ghost@0.7.8
11 info start ghost@0.7.8
12 verbose unsafe-perm in lifecycle true
13 info ghost@0.7.8 Failed to exec start script
14 verbose stack Error: ghost@0.7.8 start: `node index`
14 verbose stack Exit status 255
14 verbose stack     at EventEmitter.<anonymous> (/usr/lib/node_modules/npm/lib/utils/lifecycle.js:214:16)
14 verbose stack     at emitTwo (events.js:87:13)
14 verbose stack     at EventEmitter.emit (events.js:172:7)
14 verbose stack     at ChildProcess.<anonymous> (/usr/lib/node_modules/npm/lib/utils/spawn.js:24:14)
14 verbose stack     at emitTwo (events.js:87:13)
14 verbose stack     at ChildProcess.emit (events.js:172:7)
14 verbose stack     at maybeClose (internal/child_process.js:821:16)
14 verbose stack     at Process.ChildProcess._handle.onexit (internal/child_process.js:211:5)
15 verbose pkgid ghost@0.7.8
16 verbose cwd /var/www/ghost
17 error Linux 3.13.0-71-generic
18 error argv "/usr/bin/nodejs" "/usr/bin/npm" "restar" "run.sh"
19 error node v4.3.1
20 error npm  v2.14.12
21 error code ELIFECYCLE
22 error ghost@0.7.8 start: `node index`
22 error Exit status 255
23 error Failed at the ghost@0.7.8 start script 'node index'.
23 error This is most likely a problem with the ghost package,
23 error not with npm itself.
23 error Tell the author that this fails on your system:
23 error     node index
23 error You can get their info via:
23 error     npm owner ls ghost
23 error There is likely additional logging output above.
24 verbose exit [ 1, true ]
